<?xml version="1.0" encoding="UTF-8"?>
<testng-results skipped="1" failed="0" total="1" passed="0">
  <reporter-output>
  </reporter-output>
  <suite name="Command line suite" duration-ms="765" started-at="2018-06-30T09:50:56Z" finished-at="2018-06-30T09:50:56Z">
    <groups>
    </groups>
    <test name="Command line test" duration-ms="765" started-at="2018-06-30T09:50:56Z" finished-at="2018-06-30T09:50:56Z">
      <class name="tests.HomeTest">
        <test-method status="PASS" signature="setUpAppium()[pri:0, instance:tests.HomeTest@737996a0]" name="setUpAppium" is-config="true" duration-ms="3992" started-at="2018-06-30T15:20:52Z" finished-at="2018-06-30T15:20:56Z">
          <reporter-output>
          </reporter-output>
        </test-method> <!-- setUpAppium -->
        <test-method status="PASS" signature="setExcel()[pri:0, instance:tests.HomeTest@737996a0]" name="setExcel" is-config="true" duration-ms="673" started-at="2018-06-30T15:20:56Z" finished-at="2018-06-30T15:20:56Z">
          <reporter-output>
          </reporter-output>
        </test-method> <!-- setExcel -->
        <test-method status="FAIL" signature="App_login(java.lang.String, java.lang.String, java.lang.String)[pri:0, instance:tests.HomeTest@737996a0]" name="App_login" is-config="true" duration-ms="0" started-at="2018-06-30T15:20:56Z" finished-at="2018-06-30T15:20:56Z">
          <exception class="org.testng.TestNGException">
            <message>
              <![CDATA[
Parameter 'MobileType' is required by @Configuration on method App_login but has not been marked @Optional or defined
]]>
            </message>
            <full-stacktrace>
              <![CDATA[org.testng.TestNGException: 
Parameter 'MobileType' is required by @Configuration on method App_login but has not been marked @Optional or defined

	at org.testng.internal.Parameters.createParameters(Parameters.java:155)
	at org.testng.internal.Parameters.createParameters(Parameters.java:358)
	at org.testng.internal.Parameters.createConfigurationParameters(Parameters.java:86)
	at org.testng.internal.Invoker.invokeConfigurations(Invoker.java:199)
	at org.testng.internal.Invoker.invokeMethod(Invoker.java:653)
	at org.testng.internal.Invoker.invokeTestMethod(Invoker.java:901)
	at org.testng.internal.Invoker.invokeTestMethods(Invoker.java:1231)
	at org.testng.internal.TestMethodWorker.invokeTestMethods(TestMethodWorker.java:127)
	at org.testng.internal.TestMethodWorker.run(TestMethodWorker.java:111)
	at org.testng.TestRunner.privateRun(TestRunner.java:767)
	at org.testng.TestRunner.run(TestRunner.java:617)
	at org.testng.SuiteRunner.runTest(SuiteRunner.java:348)
	at org.testng.SuiteRunner.runSequentially(SuiteRunner.java:343)
	at org.testng.SuiteRunner.privateRun(SuiteRunner.java:305)
	at org.testng.SuiteRunner.run(SuiteRunner.java:254)
	at org.testng.SuiteRunnerWorker.runSuite(SuiteRunnerWorker.java:52)
	at org.testng.SuiteRunnerWorker.run(SuiteRunnerWorker.java:86)
	at org.testng.TestNG.runSuitesSequentially(TestNG.java:1224)
	at org.testng.TestNG.runSuitesLocally(TestNG.java:1149)
	at org.testng.TestNG.run(TestNG.java:1057)
	at org.apache.maven.surefire.testng.TestNGExecutor.run(TestNGExecutor.java:77)
	at org.apache.maven.surefire.testng.TestNGDirectoryTestSuite.executeMulti(TestNGDirectoryTestSuite.java:159)
	at org.apache.maven.surefire.testng.TestNGDirectoryTestSuite.execute(TestNGDirectoryTestSuite.java:99)
	at org.apache.maven.surefire.testng.TestNGProvider.invoke(TestNGProvider.java:106)
	at sun.reflect.NativeMethodAccessorImpl.invoke0(Native Method)
	at sun.reflect.NativeMethodAccessorImpl.invoke(NativeMethodAccessorImpl.java:62)
	at sun.reflect.DelegatingMethodAccessorImpl.invoke(DelegatingMethodAccessorImpl.java:43)
	at java.lang.reflect.Method.invoke(Method.java:498)
	at org.apache.maven.surefire.util.ReflectionUtils.invokeMethodWithArray(ReflectionUtils.java:189)
	at org.apache.maven.surefire.booter.ProviderFactory$ProviderProxy.invoke(ProviderFactory.java:165)
	at org.apache.maven.surefire.booter.ProviderFactory.invokeProvider(ProviderFactory.java:85)
	at org.apache.maven.surefire.booter.ForkedBooter.runSuitesInProcess(ForkedBooter.java:115)
	at org.apache.maven.surefire.booter.ForkedBooter.main(ForkedBooter.java:75)
]]>
            </full-stacktrace>
          </exception> <!-- org.testng.TestNGException -->
          <reporter-output>
          </reporter-output>
        </test-method> <!-- App_login -->
        <test-method status="SKIP" signature="App_logout()[pri:0, instance:tests.HomeTest@737996a0]" name="App_logout" is-config="true" duration-ms="0" started-at="2018-06-30T15:20:56Z" finished-at="2018-06-30T15:20:56Z">
          <reporter-output>
          </reporter-output>
        </test-method> <!-- App_logout -->
        <test-method status="SKIP" signature="H001_HomePageDetails(java.lang.String)[pri:0, instance:tests.HomeTest@737996a0]" name="H001_HomePageDetails" duration-ms="0" started-at="2018-06-30T15:20:56Z" data-provider="HomeNgDataprovider" finished-at="2018-06-30T15:20:56Z">
          <params>
            <param index="0">
              <value>
                <![CDATA[TC001_HomePageDetails]]>
              </value>
            </param>
          </params>
          <reporter-output>
          </reporter-output>
        </test-method> <!-- H001_HomePageDetails -->
        <test-method status="SKIP" signature="tearDownAppium()[pri:0, instance:tests.HomeTest@737996a0]" name="tearDownAppium" is-config="true" duration-ms="0" started-at="2018-06-30T15:20:56Z" finished-at="2018-06-30T15:20:56Z">
          <reporter-output>
          </reporter-output>
        </test-method> <!-- tearDownAppium -->
      </class> <!-- tests.HomeTest -->
    </test> <!-- Command line test -->
  </suite> <!-- Command line suite -->
</testng-results>
