<?xml version="1.0" encoding="UTF-8"?>
<!-- Generated by org.testng.reporters.JUnitXMLReporter -->
<testsuite hostname="HYDHTC151280L" name="Command line test" tests="1" failures="0" timestamp="30 Jun 2018 09:50:56 GMT" time="0.765" errors="0">
  <testcase name="@BeforeMethod App_login" time="0.0" classname="tests.HomeTest">
    <failure type="org.testng.TestNGException" message="
Parameter &amp;apos;MobileType&amp;apos; is required by @Configuration on method App_login but has not been marked @Optional or defined
">
      <![CDATA[org.testng.TestNGException: 
Parameter 'MobileType' is required by @Configuration on method App_login but has not been marked @Optional or defined

... Removed 33 stack frames]]>
    </failure>
  </testcase> <!-- @BeforeMethod App_login -->
  <testcase name="@AfterMethod App_logout" time="0.0" classname="tests.HomeTest">
    <skipped/>
  </testcase> <!-- @AfterMethod App_logout -->
  <testcase name="H001_HomePageDetails" time="0.0" classname="tests.HomeTest">
    <skipped/>
  </testcase> <!-- H001_HomePageDetails -->
</testsuite> <!-- Command line test -->
